<?xml version="1.0" encoding="UTF-8"?>
<testsuite name="games.AppTest" tests="1" skipped="0" failures="0" errors="0" timestamp="2023-10-28T01:36:57" hostname="crapeter-Precision-5560" time="0.008">
  <properties/>
  <testcase name="appHasAGreeting()" classname="games.AppTest" time="0.008"/>
  <system-out><![CDATA[]]></system-out>
  <system-err><![CDATA[]]></system-err>
</testsuite>
